<?xml version="1.0" encoding="UTF-8"?>
<testsuites name="jest tests" tests="4" failures="0" errors="0" time="6.327">
  <testsuite name="AdminLoginPage" errors="0" failures="0" skipped="0" timestamp="2024-04-18T05:50:06" time="2.048" tests="3">
    <testcase classname="AdminLoginPage 헤더 &amp; 푸터 숨김 true mount 설정" name="AdminLoginPage 헤더 &amp; 푸터 숨김 true mount 설정" time="0.048">
    </testcase>
    <testcase classname="AdminLoginPage form 형식으로 email, password 입력을 통한 관리자 로그인" name="AdminLoginPage form 형식으로 email, password 입력을 통한 관리자 로그인" time="0.021">
    </testcase>
    <testcase classname="AdminLoginPage 관리자 로그인 성공 시 /admin/tag/register 경로로 이동" name="AdminLoginPage 관리자 로그인 성공 시 /admin/tag/register 경로로 이동" time="0.008">
    </testcase>
  </testsuite>
  <testsuite name="일반회원 회원가입 페이지 동의 버튼 클릭 테스트" errors="0" failures="0" skipped="0" timestamp="2024-04-18T05:50:06" time="3.351" tests="1">
    <testcase classname="일반회원 회원가입 페이지 동의 버튼 클릭 테스트 버튼 클릭 후 SVG 스타일 변화 확인" name="일반회원 회원가입 페이지 동의 버튼 클릭 테스트 버튼 클릭 후 SVG 스타일 변화 확인" time="0.049">
    </testcase>
  </testsuite>
</testsuites>