<?xml version="1.0" encoding="UTF-8"?>
<testsuites name="jest tests" tests="3" failures="0" errors="0" time="3.562">
  <testsuite name="AdminLoginPage" errors="0" failures="0" skipped="0" timestamp="2024-04-09T08:08:35" time="1.674" tests="3">
    <testcase classname="AdminLoginPage 헤더 &amp; 푸터 숨김 true mount 설정" name="AdminLoginPage 헤더 &amp; 푸터 숨김 true mount 설정" time="0.046">
    </testcase>
    <testcase classname="AdminLoginPage form 형식으로 email, password 입력을 통한 관리자 로그인" name="AdminLoginPage form 형식으로 email, password 입력을 통한 관리자 로그인" time="0.025">
    </testcase>
    <testcase classname="AdminLoginPage 관리자 로그인 성공 시 /admin/tag/register 경로로 이동" name="AdminLoginPage 관리자 로그인 성공 시 /admin/tag/register 경로로 이동" time="0.026">
    </testcase>
  </testsuite>
</testsuites>